0000000000000000 a __start__
0000000000000000 T _start
0000000000000000 b _TLS_MODULE_BASE_
0000000000000000 0000000000000004 b fsdev_last_result
0000000000000008 0000000000000401 B __nx_dev_path_buf
00000000000000e0 T __nx_exit
00000000000000f0 T __nx_mod0
0000000000000140 0000000000000034 T exit
0000000000000180 000000000000001c T __stack_chk_init
00000000000001a0 t __do_global_dtors_aux
0000000000000200 t frame_dummy
0000000000000224 0000000000000014 t main
0000000000000238 0000000000000218 T $e3app4mainyyF
000000000000040c 0000000000000004 b g_fsPriority
0000000000000450 0000000000000018 T $es5print_10terminatorys12StaticStringV_ADtFfA0_
0000000000000468 0000000000000258 t $es5print_10terminatorys12StaticStringV_ADtF
00000000000006c0 0000000000000028 t $es17_assertionFailure__4file4line5flagss5NeverOs12StaticStringV_A2HSus6UInt32VtF
00000000000006e8 00000000000001a0 t $es31_embeddedReportFatalErrorInFile6prefix7message4file4lineys12StaticStringV_A2GSutF
0000000000000888 00000000000001c0 t $eSzsE13writeToStdoutyyFSu_Tg5
0000000000000a48 00000000000004c4 t $eSzsE13_toStringImplySiSpys5UInt8VG_SuSiSbtFSu_Tg5
0000000000000f0c 000000000000014c t $eSw5start5countSwSvSg_SitcfC
0000000000001058 00000000000001e8 t $eSw10copyMemory4fromySW_tF
0000000000001240 0000000000000028 t $es18_fatalErrorMessage__4file4line5flagss5NeverOs12StaticStringV_A2HSus6UInt32VtF
0000000000001268 000000000000011c t $eSv10copyMemory4from9byteCountySV_SitF
0000000000001384 0000000000000014 T swift_allocObject
0000000000001398 0000000000000014 t $es17swift_allocObject8metadata12requiredSize0E13AlignmentMaskBpBp_S2itF
00000000000013ac 0000000000000170 t $es17swift_allocObject8metadata12requiredSize0E13AlignmentMaskSpys04HeapC0VGSpys13ClassMetadataVG_S2itF
000000000000151c 0000000000000014 T swift_initStackObject
0000000000001530 0000000000000038 t $es21swift_initStackObject8metadata6objectBpBp_BptF
0000000000001568 0000000000000020 t _swift_embedded_set_heap_object_metadata_pointer
0000000000001588 0000000000000014 T swift_initStaticObject
000000000000159c 0000000000000038 t $es22swift_initStaticObject8metadata6objectBpBp_BptF
00000000000015d4 0000000000000014 T swift_deallocObject
00000000000015e8 0000000000000014 t $es19swift_deallocObject6object13allocatedSize0E9AlignMaskyBp_S2itF
00000000000015fc 0000000000000014 T swift_deallocClassInstance
0000000000001610 0000000000000038 t $es26swift_deallocClassInstance6object13allocatedSize0F9AlignMaskyBp_S2itF
0000000000001648 0000000000000014 T swift_deallocPartialClassInstance
000000000000165c 0000000000000084 t $es33swift_deallocPartialClassInstance6object8metadata13allocatedSize0H9AlignMaskyBp_BpS2itF
00000000000016e0 0000000000000018 t _swift_embedded_get_heap_object_metadata_pointer
00000000000016f8 0000000000000058 t _swift_embedded_invoke_heap_object_optional_ivardestroyer
0000000000001750 0000000000000014 T swift_slowAlloc
0000000000001764 00000000000000d0 t $es15swift_slowAllocySvSgSi_SitF
0000000000001834 0000000000000014 T swift_slowDealloc
0000000000001848 0000000000000014 t $es17swift_slowDeallocyySv_S2itF
000000000000185c 0000000000000004 T swift_willThrow
0000000000001860 0000000000000004 T swift_errorInMain
0000000000001864 0000000000000004 T swift_unexpectedError
0000000000001868 0000000000000014 T swift_retain
000000000000187c 00000000000000a4 t $es12swift_retain6objectBpBp_tF
0000000000001920 0000000000000014 T swift_release
0000000000001934 000000000000019c t $es13swift_release6objectyBp_tF
0000000000001ad0 000000000000004c t _swift_embedded_invoke_heap_object_destroy
0000000000001b1c 0000000000000014 T swift_retain_n
0000000000001b30 00000000000000ac t $es14swift_retain_n6object1nBpBp_s6UInt32VtF
0000000000001bdc 0000000000000014 T swift_release_n
0000000000001bf0 00000000000001b4 t $es15swift_release_n6object1nyBp_s6UInt32VtF
0000000000001da4 0000000000000014 T swift_setDeallocating
0000000000001db8 0000000000000004 t $es21swift_setDeallocating6objectyBp_tF
0000000000001dbc 0000000000000014 T swift_bridgeObjectRetain_n
0000000000001dd0 00000000000000b8 t $es26swift_bridgeObjectRetain_n6object1nBpBp_s6UInt32VtF
0000000000001e88 0000000000000014 T swift_bridgeObjectRelease_n
0000000000001e9c 0000000000000020 t $es27swift_bridgeObjectRelease_n6object1nyBp_s6UInt32VtF
0000000000001ebc 0000000000000014 T swift_bridgeObjectRetain
0000000000001ed0 00000000000000b0 t $es24swift_bridgeObjectRetain6objectBpBp_tF
0000000000001f80 0000000000000014 T swift_bridgeObjectRelease
0000000000001f94 0000000000000024 t $es25swift_bridgeObjectRelease6objectyBp_tF
0000000000001fb8 0000000000000018 T swift_isUniquelyReferenced_native
0000000000001fd0 000000000000005c t $es33swift_isUniquelyReferenced_native6objectSbBp_tF
000000000000202c 0000000000000018 T swift_isUniquelyReferenced_nonNull_native
0000000000002044 0000000000000014 t $es41swift_isUniquelyReferenced_nonNull_native6objectSbBp_tF
0000000000002058 0000000000000018 T swift_isEscapingClosureAtFileLocation
0000000000002070 00000000000000cc t $es37swift_isEscapingClosureAtFileLocation6object8filename0I6Length4line6column16verificationTypeSbBp_SPys4Int8VGs5Int32VA2Ls6UInt32VtF
000000000000213c 0000000000000014 T swift_dynamicCastClass
0000000000002150 000000000000008c t $es22swift_dynamicCastClass6object14targetMetadataSvSgSv_SVtF
00000000000021dc 0000000000000014 T swift_dynamicCastClassUnconditional
00000000000021f0 00000000000000dc t $es35swift_dynamicCastClassUnconditional6object14targetMetadata4file4line6columnS2v_SVSPys4Int8VGs6UInt32VAKtF
00000000000022cc 0000000000000014 T swift_once
00000000000022e0 0000000000000098 t $es10swift_once9predicate2fn7contextySpySiG_ySvXCSvtF
0000000000002378 00000000000000c0 t $es10swift_once9predicate2fn7contextySpySiG_ySvXCSvtFSiAEcfU_
0000000000002438 0000000000000014 T swift_beginAccess
000000000000244c 0000000000000004 t $es17swift_beginAccess7pointer6buffer5flags2pcySv_SvSuSvtF
0000000000002450 0000000000000014 T swift_endAccess
0000000000002464 0000000000000004 t $es15swift_endAccess6bufferySv_tF
0000000000002468 000000000000000c T swift_deletedMethodError
0000000000002474 0000000000000004 t $es24swift_deletedMethodErrors5NeverOyF
0000000000002478 0000000000000014 T swift_clearSensitive
000000000000248c 00000000000001d4 t $es20swift_clearSensitive3buf6nbytesySv_SitF
0000000000002660 0000000000000014 T swift_retainCount
0000000000002674 0000000000000058 t $es17swift_retainCount6objectSiBp_tF
00000000000026cc 0000000000000098 T posix_memalign
0000000000002770 0000000000000018 t _appletInfiniteSleepLoop
0000000000002790 0000000000000108 t _appletCmdGetSession
00000000000028a0 00000000000000cc t _appletCmdInU8NoOut
0000000000002970 0000000000000104 t _appletGetLaunchReason
0000000000002a80 00000000000000e4 t _appletSetFocusHandlingMode
0000000000002b70 00000000000000cc t _appletCmdInU32NoOut
0000000000002c40 0000000000000138 t _appletGetSessionProxy.constprop.0
0000000000002d80 0000000000000154 t _appletOpenLibraryAppletProxy.constprop.0
0000000000002ee0 00000000000000d0 t _appletCmdGetHandle.constprop.0.isra.0
0000000000002fb0 00000000000000d4 t _appletCmdNoInOutU8.isra.0
0000000000003090 00000000000000d4 t _appletCmdNoInOutU32.isra.0
0000000000003170 00000000000000d4 t _appletCmdNoInOutU64.isra.0
0000000000003250 00000000000000c0 t _appletCmdNoIO.isra.0
0000000000003310 0000000000000010 T appletGetAppletType
0000000000003320 0000000000000108 T appletSetFocusHandlingMode
0000000000003430 000000000000005c T appletSetCpuBoostMode
0000000000003490 000000000000002c T appletCreateManagedDisplayLayer
00000000000034c0 000000000000000c T appletGetAppletResourceUserId
00000000000034d0 00000000000000f4 t _appletGetIndirectLayerConsumerHandle
00000000000035d0 0000000000000088 t _appletHolderCreateState
0000000000003660 00000000000000b0 T appletHolderClose
0000000000003710 0000000000000024 T appletHolderGetLibraryAppletInfo
0000000000003740 0000000000000090 T appletNotifyRunning
00000000000037d0 000000000000008c T appletSetGamePlayRecordingState
0000000000003860 0000000000000ad4 t _appletCleanup
0000000000004340 0000000000000044 T appletExit
0000000000004390 0000000000000040 T appletGetLibraryAppletInfo
00000000000043d0 0000000000000a98 T appletInitialize
0000000000004e70 0000000000000024 t _appletExitProcess
0000000000004ea0 0000000000000074 T appletGetMessage
0000000000004f20 000000000000027c T appletProcessMessage
00000000000051a0 0000000000000034 T appletMainLoop
00000000000051e0 00000000000000d0 t _smCmifCmdInPid
00000000000052b0 0000000000000068 t _smCleanup
0000000000005320 0000000000000048 T smAddOverrideHandle
0000000000005370 0000000000000054 T smGetServiceOverride
00000000000053d0 00000000000001bc T smInitialize
0000000000005590 0000000000000044 T smExit
00000000000055e0 00000000000000d0 T smGetServiceOriginal
00000000000056b0 0000000000000120 T smGetServiceWrapper
00000000000057d0 000000000000001c W diagAbortWithResult
00000000000057f0 0000000000000208 T envSetup
0000000000005a00 0000000000000020 T envGetMainThreadHandle
0000000000005a20 000000000000000c T envIsNso
0000000000005a30 0000000000000014 T envHasHeapOverride
0000000000005a50 000000000000000c T envGetHeapOverrideAddr
0000000000005a60 000000000000000c T envGetHeapOverrideSize
0000000000005a70 0000000000000014 T envHasArgv
0000000000005a90 000000000000000c T envGetArgv
0000000000005aa0 000000000000000c T envGetExitFuncPtr
0000000000005ab0 000000000000000c T envSetExitFuncPtr
0000000000005ac0 000000000000000c T envHasRandomSeed
0000000000005ad0 0000000000000010 T envGetRandomSeed
0000000000005ae0 0000000000000014 T hosversionGet
0000000000005b00 0000000000000010 T hosversionSet
0000000000005b10 000000000000009c T padConfigureInput
0000000000005bb0 0000000000000024 T padInitializeWithMask
0000000000005be0 00000000000002a8 T padUpdate
0000000000005e90 0000000000000048 t consoleDrawChar
0000000000005ee0 000000000000020c t parseColor
00000000000060f0 00000000000000b0 t consoleNewRow
00000000000061a0 0000000000000c44 t con_write
0000000000006df0 0000000000000154 T consoleInit
0000000000006f50 0000000000000048 T consoleExit
0000000000006fa0 000000000000002c T consoleUpdate
0000000000006fd0 00000000000001c8 t ConsoleSwRenderer_drawChar
00000000000071a0 00000000000000fc t ConsoleSwRenderer_init
00000000000072a0 0000000000000070 t ConsoleSwRenderer_flushAndSwap
0000000000007310 00000000000000d4 t ConsoleSwRenderer_scrollWindow
00000000000073f0 000000000000004c t ConsoleSwRenderer_deinit
0000000000007440 000000000000000c W getDefaultConsoleRenderer
000000000000744c T svcSetHeapSize
0000000000007460 T svcSetMemoryPermission
0000000000007468 T svcSetMemoryAttribute
0000000000007470 T svcUnmapMemory
0000000000007478 T svcQueryMemory
000000000000748c T svcExitProcess
0000000000007494 T svcSleepThread
000000000000749c T svcMapSharedMemory
00000000000074a4 T svcUnmapSharedMemory
00000000000074ac T svcCreateTransferMemory
00000000000074c0 T svcCloseHandle
00000000000074c8 T svcResetSignal
00000000000074d0 T svcWaitSynchronization
00000000000074e4 T svcArbitrateLock
00000000000074ec T svcArbitrateUnlock
00000000000074f4 T svcWaitProcessWideKeyAtomic
00000000000074fc T svcSignalProcessWideKey
0000000000007504 T svcConnectToNamedPort
0000000000007518 T svcSendSyncRequest
0000000000007520 T svcBreak
0000000000007528 T svcReturnFromException
0000000000007530 T svcGetInfo
0000000000007544 T svcUnmapTransferMemory
0000000000007550 000000000000000c T eventLoadRemote
0000000000007560 0000000000000038 T eventWait
00000000000075a0 0000000000000050 T eventClose
00000000000075f0 0000000000000080 T mutexLock
0000000000007670 0000000000000068 T mutexUnlock
00000000000076e0 000000000000001c T mutexIsLockedByCurrentThread
0000000000007700 000000000000004c T rmutexLock
0000000000007750 000000000000001c T rmutexUnlock
0000000000007770 00000000000000a8 T tmemCreate
0000000000007820 0000000000000034 T tmemUnmap
0000000000007860 0000000000000038 T tmemCloseHandle
00000000000078a0 00000000000000c8 T tmemWaitForPermission
0000000000007970 0000000000000054 T tmemClose
00000000000079d0 0000000000000064 t _memregionInitWithInfo
0000000000007a40 0000000000000004 W __libnx_virtmem_rng
0000000000007a50 0000000000000164 t _memregionFindRandom
0000000000007bc0 0000000000000140 T virtmemSetup
0000000000007d00 000000000000000c T virtmemLock
0000000000007d10 000000000000000c T virtmemUnlock
0000000000007d20 0000000000000050 T virtmemFindAslr
0000000000007d70 000000000000056c T waitObjects
00000000000082e0 00000000000000c0 t _apmCleanup
00000000000083a0 00000000000000fc t _apmCmdGetSession.constprop.0
00000000000084a0 00000000000000a0 T apmInitialize
0000000000008540 0000000000000044 T apmExit
0000000000008590 00000000000000c8 T apmSetPerformanceConfiguration
0000000000008660 0000000000000108 t _hidCleanup
0000000000008770 00000000000000d8 t _hidCmdInAruidNoOut
0000000000008850 00000000000000e4 t _hidCmdInU32AruidNoOut
0000000000008940 00000000000001a4 t _hidGetStates
0000000000008af0 0000000000000114 t _hidCreateAppletResource.constprop.0
0000000000008c10 00000000000000c8 t _hidCmdGetHandle.constprop.0
0000000000008ce0 00000000000000dc T hidInitialize
0000000000008dc0 0000000000000044 T hidExit
0000000000008e10 000000000000000c T hidGetSharedmemAddr
0000000000008e20 0000000000000090 T hidGetNpadStyleSet
0000000000008eb0 000000000000006c T hidInitializeNpad
0000000000008f20 00000000000000a8 T hidGetNpadStatesFullKey
0000000000008fd0 00000000000000a8 T hidGetNpadStatesHandheld
0000000000009080 00000000000000a8 T hidGetNpadStatesJoyDual
0000000000009130 00000000000000a8 T hidGetNpadStatesJoyLeft
00000000000091e0 00000000000000a8 T hidGetNpadStatesJoyRight
0000000000009290 0000000000000158 T hidGetNpadStatesGc
00000000000093f0 00000000000000ac T hidGetNpadStatesSystemExt
00000000000094a0 0000000000000008 T hidSetSupportedNpadStyleSet
00000000000094b0 0000000000000100 T hidSetSupportedNpadIdType
00000000000095b0 000000000000000c T nwindowGetDefault
00000000000095c0 00000000000000b0 T __nx_win_init
0000000000009670 0000000000000034 T __nx_win_exit
00000000000096b0 000000000000008c T framebufferMakeLinear
0000000000009740 0000000000000080 T framebufferClose
00000000000097c0 00000000000002b4 T framebufferCreate
0000000000009a80 0000000000000088 T framebufferBegin
0000000000009b10 000000000000018c T framebufferEnd
0000000000009ca0 0000000000000024 T nwindowIsValid
0000000000009cd0 000000000000007c T nwindowClose
0000000000009d50 00000000000000f4 T nwindowCreate
0000000000009e50 0000000000000034 T nwindowCreateFromLayer
0000000000009e90 0000000000000084 T nwindowSetDimensions
0000000000009f20 000000000000018c T nwindowConfigureBuffer
000000000000a0b0 00000000000001e0 T nwindowDequeueBuffer
000000000000a290 000000000000013c T nwindowQueueBuffer
000000000000a3d0 0000000000000094 T nwindowReleaseBuffers
000000000000a470 0000000000000004 W __libnx_alloc
000000000000a480 0000000000000014 W __libnx_aligned_alloc
000000000000a4a0 0000000000000004 W __libnx_free
000000000000a4b0 0000000000000340 W argvSetup
000000000000a7f0 0000000000000168 T __nx_dynamic
000000000000a960 00000000000000d4 W __libnx_initheap
000000000000aa40 00000000000000ec W __appInit
000000000000ab30 0000000000000044 W __appExit
000000000000ab80 000000000000002c W __libnx_init
000000000000abb0 000000000000001c W __libnx_exit
000000000000abd0 000000000000001c T __syscall_exit
000000000000abf0 0000000000000030 T __syscall_getreent
000000000000ac20 0000000000000004 T __syscall_lock_acquire
000000000000ac30 0000000000000004 T __syscall_lock_release
000000000000ac40 0000000000000004 T __syscall_lock_acquire_recursive
000000000000ac50 0000000000000004 T __syscall_lock_release_recursive
000000000000ac60 0000000000000238 T __libnx_init_time
000000000000aea0 000000000000009c T newlibSetup
000000000000af40 00000000000000c4 T nxlinkSetup
000000000000b010 0000000000000014 t fsdev_link
000000000000b030 0000000000000014 t fsdev_dirreset
000000000000b050 0000000000000014 t fsdev_chmod
000000000000b070 0000000000000018 t error_cmp
000000000000b090 0000000000000020 t fsdev_dirclose
000000000000b0b0 000000000000001c t fsdev_close
000000000000b0d0 000000000000007c t fsdev_converttimetoutc
000000000000b150 00000000000000dc t fsdevFindDevice.part.0
000000000000b230 00000000000001d4 t fsdev_fixpath
000000000000b410 00000000000000a0 t _fsdevUnmountDeviceStruct.part.0
000000000000b4b0 0000000000000014 t fsdev_fchmod
000000000000b4d0 00000000000000fc t fsdev_diropen
000000000000b5d0 0000000000000100 t fsdev_statvfs
000000000000b6d0 000000000000007c t fsdev_fsync
000000000000b750 00000000000000f4 t fsdev_fstat
000000000000b850 0000000000000094 t fsdev_ftruncate
000000000000b8f0 00000000000001fc t fsdev_stat
000000000000baf0 000000000000014c t fsdev_rename
000000000000bc40 0000000000000140 t fsdev_chdir
000000000000bd80 00000000000000a4 t fsdev_rmdir
000000000000be30 00000000000000a4 t fsdev_mkdir
000000000000bee0 00000000000000a4 t fsdev_unlink
000000000000bf90 0000000000000144 t fsdev_write_safe
000000000000c0e0 000000000000013c t fsdev_read_safe
000000000000c220 0000000000000100 t fsdev_read
000000000000c320 00000000000001cc t fsdev_dirnext
000000000000c4f0 0000000000000124 t fsdev_write
000000000000c620 00000000000000e0 t fsdev_seek
000000000000c700 0000000000000250 t fsdev_open
000000000000c950 0000000000000228 T fsdevMountDevice
000000000000cb80 0000000000000040 T fsdevMountSdmc
000000000000cbc0 00000000000000c0 T __libnx_init_cwd
000000000000cc80 0000000000000064 T fsdevUnmountAll
000000000000ccf0 000000000000012c T decode_utf8
000000000000ce1c T armDCacheFlush
000000000000ce4c t armDCacheFlush_L0
000000000000ce68 W __libnx_exception_entry
000000000000cef4 t __libnx_exception_entry_start
000000000000d01c t __libnx_exception_entry_abort
000000000000d020 t __libnx_exception_entry_end
000000000000d028 T __libnx_exception_returnentry
000000000000d040 T __aarch64_read_tp
000000000000d050 0000000000000064 T condvarWaitTimeout
000000000000d0c0 00000000000003c4 T randomGet
000000000000d490 0000000000000020 T randomGet64
000000000000d4b0 0000000000000014 T shmemLoadRemote
000000000000d4d0 0000000000000088 T shmemMap
000000000000d560 0000000000000034 T shmemUnmap
000000000000d5a0 0000000000000044 T shmemClose
000000000000d5f0 00000000000000b0 T __libnx_init_thread
000000000000d6a0 00000000000000b4 t _fsCleanup
000000000000d760 00000000000001ac t _fsCmdNoIO
000000000000d910 00000000000001d4 t _fsFsCmdWithInPath
000000000000daf0 00000000000001f0 t _fsFsCmdWithTwoInPaths
000000000000dce0 000000000000026c t _fsFsOpenCommon
000000000000df50 00000000000001e8 t _fsFsCmdWithInPathAndOutU64
000000000000e140 00000000000000f4 t _fsObjectClose
000000000000e240 000000000000017c t _fsCmdGetSession.constprop.0
000000000000e3c0 00000000000002f8 T fsInitialize
000000000000e6c0 0000000000000044 T fsExit
000000000000e710 0000000000000008 T fsOpenSdCardFileSystem
000000000000e720 00000000000001e4 T fsFsCreateFile
000000000000e910 0000000000000008 T fsFsDeleteFile
000000000000e920 0000000000000008 T fsFsCreateDirectory
000000000000e930 0000000000000008 T fsFsDeleteDirectory
000000000000e940 0000000000000008 T fsFsRenameFile
000000000000e950 0000000000000008 T fsFsRenameDirectory
000000000000e960 00000000000001e8 T fsFsGetEntryType
000000000000eb50 0000000000000008 T fsFsOpenFile
000000000000eb60 0000000000000008 T fsFsOpenDirectory
000000000000eb70 0000000000000008 T fsFsGetFreeSpace
000000000000eb80 0000000000000008 T fsFsGetTotalSpace
000000000000eb90 0000000000000228 T fsFsGetFileTimeStampRaw
000000000000edc0 0000000000000004 T fsFsClose
000000000000edd0 0000000000000210 T fsFileRead
000000000000efe0 00000000000001f8 T fsFileWrite
000000000000f1e0 0000000000000008 T fsFileFlush
000000000000f1f0 00000000000001b8 T fsFileSetSize
000000000000f1f0 00000000000001b8 t fsFileSetSize.localalias
000000000000f3b0 00000000000001c0 T fsFileGetSize
000000000000f3b0 00000000000001c0 t fsFileGetSize.localalias
000000000000f570 0000000000000004 T fsFileClose
000000000000f580 0000000000000004 T fsDirClose
000000000000f590 00000000000001f8 T fsDirRead
000000000000f790 00000000000000d0 t _nvSetClientPID
000000000000f860 00000000000000c8 t _nvCleanup
000000000000f930 00000000000000d8 t _nvCmdInitialize.constprop.0
000000000000fa10 000000000000001c W __nx_nv_create_tmem
000000000000fa30 00000000000002d8 T nvInitialize
000000000000fd10 0000000000000044 T nvExit
000000000000fd60 00000000000000f4 T nvConvertError
000000000000fe60 0000000000000118 T nvOpen
000000000000ff80 00000000000002f8 T nvIoctl
0000000000010280 00000000000000d8 T nvClose
0000000000010360 0000000000000110 T nvQueryEvent
0000000000010470 00000000000000d4 t _setsysGetFirmwareVersionImpl
0000000000010550 0000000000000068 t _setsysCleanup
00000000000105c0 00000000000000a0 T setsysInitialize
0000000000010660 0000000000000044 T setsysExit
00000000000106b0 0000000000000044 T setsysGetFirmwareVersion
0000000000010700 0000000000000228 t _timeCleanup
0000000000010930 0000000000000100 t _timeCmdGetSession.constprop.0
0000000000010a30 00000000000000cc t _timeGetSharedMemoryNativeHandle.constprop.0
0000000000010b00 00000000000000c4 t _timeCmdNoInOutU64.constprop.0.isra.0
0000000000010bd0 0000000000000104 t _timeReadClockFromSharedMem
0000000000010ce0 0000000000000238 T timeInitialize
0000000000010f20 0000000000000044 T timeExit
0000000000010f70 0000000000000038 T timeGetServiceSession_SystemClock
0000000000010fb0 0000000000000068 T timeGetCurrentTime
0000000000011020 0000000000000110 T timeToCalendarTimeWithMyRule
0000000000011130 0000000000000104 T timeToPosixTimeWithMyRule
0000000000011240 00000000000001dc t _viCleanup
0000000000011420 0000000000000100 t _viCmdGetSessionNoParams.constprop.0
0000000000011520 00000000000000fc t _viCmdGetSession.constprop.0
0000000000011620 0000000000000284 T viInitialize
00000000000118b0 0000000000000044 T viExit
0000000000011900 000000000000000c T viGetSession_IHOSBinderDriverRelay
0000000000011910 0000000000000118 T viOpenDisplay
0000000000011a30 00000000000000f4 T viCloseDisplay
0000000000011b30 00000000000000fc T viCloseLayer
0000000000011c30 0000000000000374 T viCreateLayer
0000000000011fb0 00000000000000d8 T viSetLayerScalingMode
0000000000012090 000000000000007c t _nvFenceCleanup
0000000000012110 0000000000000098 T nvFenceInit
00000000000121b0 0000000000000044 T nvFenceExit
0000000000012200 0000000000000240 T nvFenceWait
0000000000012440 0000000000000074 T nvMultiFenceWait
00000000000124c0 00000000000000b4 T nvMapInit
0000000000012580 000000000000006c T nvMapExit
00000000000125f0 0000000000000080 T nvMapClose
0000000000012670 0000000000000154 T nvMapCreate
00000000000127d0 0000000000000028 T nvioctlNvhostCtrl_EventSignal
0000000000012800 0000000000000044 T nvioctlNvhostCtrl_EventWait
0000000000012850 0000000000000030 T nvioctlNvhostCtrl_EventWaitAsync
0000000000012880 0000000000000028 T nvioctlNvhostCtrl_EventRegister
00000000000128b0 0000000000000028 T nvioctlNvhostCtrl_EventUnregister
00000000000128e0 0000000000000040 T nvioctlNvmap_Create
0000000000012920 0000000000000038 T nvioctlNvmap_Alloc
0000000000012960 0000000000000034 T nvioctlNvmap_Free
00000000000129a0 0000000000000040 T nvioctlNvmap_GetId
00000000000129e0 000000000000001c T binderCreate
0000000000012a00 0000000000000368 T binderTransactParcel
0000000000012d70 00000000000000e8 T binderConvertErrorCode
0000000000012e60 0000000000000128 T binderAdjustRefcount
0000000000012f90 0000000000000098 T binderInitSession
0000000000013030 0000000000000068 T binderClose
00000000000130a0 000000000000015c T binderGetNativeHandle
0000000000013200 00000000000000d8 T bqRequestBuffer
00000000000132e0 0000000000000160 T bqDequeueBuffer
0000000000013440 00000000000000dc T bqQueueBuffer
0000000000013520 0000000000000094 T bqCancelBuffer
00000000000135c0 00000000000000e4 T bqConnect
00000000000136b0 000000000000009c T bqDisconnect
0000000000013750 000000000000017c T bqSetPreallocatedBuffer
00000000000138d0 0000000000000030 T parcelCreate
0000000000013900 0000000000000198 T parcelTransact
0000000000013aa0 0000000000000088 T parcelWriteData
0000000000013b30 0000000000000098 T parcelReadData
0000000000013bd0 0000000000000020 T parcelWriteInt32
0000000000013bf0 0000000000000020 T parcelWriteUInt32
0000000000013c10 000000000000007c T parcelWriteString16
0000000000013c90 0000000000000030 T parcelWriteInterfaceToken
0000000000013cc0 0000000000000024 T parcelReadInt32
0000000000013cf0 0000000000000068 T parcelReadFlattenedObject
0000000000013d60 000000000000004c T parcelWriteFlattenedObject
0000000000013db0 0000000000000178 T sessionmgrCreate
0000000000013f30 0000000000000084 T sessionmgrClose
0000000000013fc0 00000000000000b4 T sessionmgrAttachClient
0000000000014080 0000000000000070 T sessionmgrDetachClient
0000000000014100 000000000000003c T setenv
0000000000014140 0000000000000050 T __stack_chk_fail
00000000000141a0 0000000000000028 T putchar
00000000000141e0 00000000000001a4 t _strtoul_l.isra.0
00000000000143a0 0000000000000044 T _strtoul_r
0000000000014400 0000000000000048 T strtoul
0000000000014480 0000000000000130 T strlen
00000000000145c0 000000000000003c T write
0000000000014600 0000000000000080 T strncat
0000000000014680 00000000000000b8 T bsearch
0000000000014740 00000000000000dc T memchr
0000000000014820 000000000000002c T aligned_alloc
0000000000014880 00000000000001b4 T strncmp
0000000000014a40 0000000000000134 T strcmp
0000000000014b80 00000000000000b8 T strnlen
0000000000014c40 000000000000002c T memalign
0000000000014c80 000000000000001c t stdio_exit_handler
0000000000014ca0 000000000000006c t cleanup_stdio
0000000000014d20 0000000000000134 t global_stdio_init.part.0
0000000000014e60 000000000000000c T __sfp_lock_acquire
0000000000014e80 000000000000000c T __sfp_lock_release
0000000000014ea0 0000000000000054 T __sinit
0000000000014f00 00000000000007e8 T _malloc_r
0000000000015700 00000000000000e0 T _putc_r
0000000000015800 000000000000022c T memcpy
0000000000015800 T memmove
0000000000015a40 0000000000000124 T _malloc_trim_r
0000000000015b80 00000000000002d4 T _free_r
0000000000015e60 0000000000000278 T setvbuf
00000000000160e0 0000000000000014 T __errno
0000000000016100 0000000000000044 T malloc
0000000000016160 0000000000000024 T free
00000000000161a0 00000000000000b4 T sscanf
0000000000016260 000000000000002c T gmtime
00000000000162a0 0000000000000098 T _fwalk_sglue
0000000000016340 000000000000000c T __malloc_lock
0000000000016360 000000000000000c T __malloc_unlock
0000000000016380 0000000000000104 T memset
00000000000164a0 0000000000000254 T _setenv_r
0000000000016700 0000000000000004 W __call_exitprocs
0000000000016704 0000000000000074 t get_arg
0000000000016778 00000000000032d0 T __ssvfscanf_r
0000000000019a60 000000000000008c T strncpy
0000000000019b00 00000000000001a4 t _strtoull_l.isra.0
0000000000019cc0 0000000000000044 T _strtoull_r
0000000000019d20 00000000000000f0 T _mbrtowc_r
0000000000019e20 0000000000000090 T __libc_init_array
0000000000019ec0 00000000000001e8 T __sflush_r
000000000001a0c0 00000000000000b8 T _fflush_r
000000000001a180 000000000000000c T nanf
000000000001a1a0 00000000000000a4 T _raise_r
000000000001a260 0000000000000024 T raise
000000000001a2a0 000000000000000c T __env_lock
000000000001a2c0 000000000000000c T __env_unlock
000000000001a2e0 00000000000002e8 t _strtoll_l.isra.0
000000000001a5e0 0000000000000044 T _strtoll_r
000000000001a640 000000000000002c T __locale_mb_cur_max
000000000001a680 0000000000000054 t sulp
000000000001a6e0 0000000000001210 T _strtod_l
000000000001b900 0000000000000050 T _strtod_r
000000000001b960 00000000000002a0 T gmtime_r
000000000001bc00 00000000000000a0 T sprintf
000000000001bca0 000000000000017c T _memalign_r
000000000001be20 0000000000000118 T __swbuf_r
000000000001bf38 00000000000000f0 T _sungetc_r
000000000001c028 0000000000000070 T __ssrefill_r
000000000001c098 00000000000000e0 T _sfread_r
000000000001c180 000000000000011c t rshift
000000000001c2a0 00000000000008c4 T __gethex
000000000001cb80 00000000000002dc T __utf8_mbtowc
000000000001ce60 0000000000000044 T __libc_fini_array
000000000001cec0 00000000000000cc T strchr
000000000001cfa0 000000000000004c T __sread
000000000001d000 0000000000000008 T __seofread
000000000001d020 0000000000000068 T __swrite
000000000001d0a0 0000000000000050 T __sseek
000000000001d100 0000000000000008 T __sclose
000000000001d120 0000000000000008 T iswspace
000000000001d140 00000000000000d4 T __sccl
000000000001d220 0000000000000134 T _fclose_r
000000000001d360 0000000000000008 T __localeconv_l
000000000001d380 0000000000000028 T _localeconv_r
000000000001d3c0 0000000000000094 T __swhatbuf_r
000000000001d460 00000000000000fc T __smakebuf_r
000000000001d560 000000000000002c T realloc
000000000001d58c 0000000000000790 t get_arg
000000000001dd1c 0000000000003c0c T _svfprintf_r
0000000000021940 00000000000002e8 t _strtol_l.part.0
0000000000021c40 0000000000000070 T _strtol_r
0000000000021cc0 0000000000000104 T _findenv_r
0000000000021de0 000000000000009c T stpncpy
0000000000021e80 000000000000053c T _realloc_r
00000000000223c0 00000000000000e4 T __utf8_wctomb
00000000000224c0 0000000000000010 T _wcsrtombs_r
00000000000224e0 0000000000000048 T __match
0000000000022540 000000000000025c T __hexnan
00000000000227a0 0000000000000180 T __swsetup_r
0000000000022920 000000000000000c T nan
0000000000022940 0000000000000078 T frexp
00000000000229c0 00000000000000b8 T __submore
0000000000022a80 0000000000000064 T __assert_func
0000000000022b00 0000000000000048 T iswspace_l
0000000000022b60 000000000000008c T _Balloc
0000000000022c00 0000000000000020 T _Bfree
0000000000022c20 0000000000000108 T __multadd
0000000000022d40 000000000000013c T __s2b
0000000000022e80 0000000000000094 T __hi0bits
0000000000022f20 00000000000000fc T __lo0bits
0000000000023020 000000000000004c T __i2b
0000000000023080 00000000000001ec T __multiply
0000000000023280 00000000000000fc T __pow5mult
0000000000023380 0000000000000174 T __lshift
0000000000023500 0000000000000050 T __mcmp
0000000000023560 00000000000001c4 T __mdiff
0000000000023740 0000000000000084 T __ulp
00000000000237e0 0000000000000168 T __b2d
0000000000023960 0000000000000154 T __d2b
0000000000023ac0 00000000000000ac T __ratio
0000000000023b80 0000000000000078 T __copybits
0000000000023c00 000000000000006c T __any_on
0000000000023c80 00000000000000c8 T __ssprint_r
0000000000023d60 0000000000000078 T fiprintf
0000000000023de0 0000000000000188 T _wcsnrtombs_l
0000000000023f80 0000000000000074 T _wcsnrtombs_r
0000000000024000 0000000000000018 T abort
0000000000024020 00000000000000c0 T _calloc_r
00000000000240e0 00000000000001a4 t quorem
00000000000242a0 0000000000001304 T _dtoa_r
00000000000255c0 00000000000000d8 T _wcrtomb_r
00000000000256a0 000000000000007c T category
0000000000025720 0000000000000188 T __ssputs_r
00000000000258a8 0000000000000790 t get_arg
0000000000026038 000000000000294c T _vfiprintf_r
0000000000028984 00000000000000d4 t __sbprintf
0000000000028a60 0000000000000044 T __sprint_r
0000000000028ac0 0000000000000494 T __sfvwrite_r
0000000000028f60 0000000000000020 T _exit
0000000000028f80 0000000000000170 T chdir
0000000000029100 000000000000021c T _concatenate_path
0000000000029320 0000000000000094 T _fstat_r
00000000000293c0 0000000000000014 T _getpid_r
00000000000293e0 0000000000000020 T __getreent
0000000000029400 0000000000000050 T __get_handle
0000000000029460 0000000000000108 T _close_r
0000000000029580 0000000000000008 t null_write
00000000000295a0 0000000000000018 T setDefaultDevice
00000000000295c0 0000000000000114 T FindDevice
00000000000296e0 0000000000000034 T RemoveDevice
0000000000029720 00000000000000c8 T AddDevice
0000000000029800 0000000000000034 T GetDeviceOpTab
0000000000029840 0000000000000008 T _isatty_r
0000000000029860 0000000000000014 T _kill_r
0000000000029880 00000000000000a4 T _lseek_r
0000000000029940 00000000000000ac T _read_r
0000000000029a00 0000000000000078 W _sbrk_r
0000000000029a80 0000000000000014 T __libc_lock_acquire
0000000000029aa0 0000000000000014 T __libc_lock_release
0000000000029ac0 0000000000000014 T __libc_lock_acquire_recursive
0000000000029ae0 0000000000000014 T __libc_lock_release_recursive
0000000000029b00 00000000000000ac T _write_r
0000000000029bc0 0000000000000130 t __extenddftf2
0000000000029d00 00000000000003c4 t __trunctfdf2
000000000002a0e0 0000000000000070 t __sfp_handle_exceptions
000000000002a180 0000000000000104 T strrchr
000000000002a288 T _init
000000000002a2c0 T _fini
000000000002daf0 0000000000000014 r CSWTCH.1001
000000000002dec0 0000000000000018 r grayScale
000000000002ded8 0000000000000006 r colorCube
000000000002dee0 0000000000000030 r colorTable
000000000002df10 R default_font_bin
000000000002ff10 R default_font_bin_end
000000000002ff10 0000000000000038 r g_nvColorFmtTable
000000000002ff48 0000000000000020 r error_table
000000000002ffd0 0000000000000023 r g_bq_InterfaceDescriptor
0000000000030010 0000000000000101 R _ctype_
0000000000030260 0000000000000022 r basefix.0
0000000000030288 0000000000000014 r fpinan.0
00000000000302a0 0000000000000014 r fpi.1
00000000000302c0 0000000000000028 r tinytens
0000000000030318 0000000000000100 R __hexdig
0000000000030510 0000000000000010 r zeroes.0
0000000000030520 0000000000000010 r blanks.1
0000000000030530 000000000000006c R __action_table
00000000000305a0 000000000000006c R __state_table
0000000000030610 0000000000000100 R __chclass
0000000000030710 000000000000000c r p05.0
0000000000030720 0000000000000028 R __mprec_bigtens
0000000000030748 00000000000000c8 R __mprec_tens
0000000000030810 00000000000035dc r categories
0000000000033ef0 0000000000000010 r zeroes.0
0000000000033f00 0000000000000010 r blanks.1
0000000000033f10 r __tls_align
0000000000033f18 r __EH_FRAME_BEGIN__
0000000000033f18 r __eh_frame_hdr_end
0000000000033f18 r __eh_frame_hdr_start
0000000000039a9c r __FRAME_END__
000000000003a000 d __frame_dummy_init_array_entry
000000000003a000 d __init_array_start
000000000003a000 d __preinit_array_end
000000000003a000 d __preinit_array_start
000000000003a000 d __relro_start
000000000003a010 d __do_global_dtors_aux_fini_array_entry
000000000003a010 d __fini_array_start
000000000003a010 d __init_array_end
000000000003a018 d __fini_array_end
000000000003a018 0000000000000100 d dotab_stdout
000000000003a118 0000000000000100 d fsdev_devoptab
000000000003a218 0000000000000100 D dotab_stdnull
000000000003a318 a _DYNAMIC
000000000003a438 d __got_start__
000000000003a438 a _GLOBAL_OFFSET_TABLE_
000000000003a6e0 d __got_end__
000000000003b000 d __data_start
000000000003b000 0000000000000008 V __nx_applet_init_timeout
000000000003b008 0000000000000001 V __nx_applet_auto_notifyrunning
000000000003b00c 0000000000000004 V __nx_applet_type
000000000003b010 0000000000000008 d currentConsole
000000000003b018 0000000000000050 d defaultConsole
000000000003b068 0000000000000088 d s_consoleSwRenderer
000000000003b0f0 0000000000000008 V __nx_exception_stack_size
000000000003b0f8 0000000000000001 V __nx_fsdev_support_cwd
000000000003b0fc 0000000000000004 V __nx_fsdev_direntry_cache_size
000000000003b100 0000000000000004 V __nx_fs_num_sessions
000000000003b104 0000000000000004 V __nx_nv_transfermem_size
000000000003b108 0000000000000004 V __nx_nv_service_type
000000000003b10c 0000000000000004 d g_viServiceType
000000000003b110 0000000000000004 V __nx_vi_stray_layer_flags
000000000003b114 0000000000000004 d g_ctrl_fd
000000000003b118 0000000000000004 d g_nvmap_fd
000000000003b120 0000000000000008 D _impure_ptr
000000000003b128 0000000000000160 D _impure_data
000000000003b288 0000000000000018 D __sglue
000000000003b2a0 0000000000000008 D __malloc_sbrk_base
000000000003b2a8 0000000000000008 D __malloc_trim_threshold
000000000003b2b0 0000000000000810 D __malloc_av_
000000000003bac0 00000000000001a8 D __global_locale
000000000003bc68 0000000000000008 D environ
000000000003bc70 0000000000000400 d _current_working_directory
000000000003c070 0000000000002000 d handles
000000000003e070 0000000000000010 d __stderr_handle
000000000003e080 0000000000000010 d __stdout_handle
000000000003e090 0000000000000010 d __stdin_handle
000000000003e0a0 0000000000000118 D devoptab_list
000000000003e1b8 0000000000000004 d defaultDevice
000000000003e1c0 b __bss_start__
000000000003e1c0 d __tdata_lma
000000000003e1c0 d __tdata_lma_end
000000000003e1c0 b completed.1
000000000003e1c8 b object.0
000000000003e1f8 0000000000000008 b g_appletGuard
000000000003e200 0000000000000001 b g_appletInfoInitialized
000000000003e208 0000000000000050 b g_appletInfo
000000000003e258 0000000000000004 b g_appletCpuBoostMode
000000000003e260 000000000000000c b g_appletLibraryAppletLaunchableEvent
000000000003e26c 0000000000000001 b g_appletSuspendedTickInitialized
000000000003e270 0000000000000008 b g_appletSuspendedTick
000000000003e278 0000000000000008 b g_appletInitTickBase
000000000003e280 000000000000000c b g_appletSuspendedTickEvent
000000000003e28c 0000000000000001 b g_appletCopyrightInitialized
000000000003e290 0000000000000028 b g_appletCopyrightTmem
000000000003e2b8 0000000000000004 b g_appletRecordingInitialized
000000000003e2c0 0000000000000028 b g_appletRecordingTmem
000000000003e2e8 0000000000000018 b g_appletFirstHook
000000000003e300 0000000000000001 b g_appletNotifiedRunning
000000000003e301 0000000000000001 b g_appletFocusState
000000000003e304 0000000000000004 b g_appletPerformanceMode
000000000003e308 0000000000000001 b g_appletOperationMode
000000000003e310 0000000000000008 b g_appletResourceUserId
000000000003e318 000000000000000c b g_appletMessageEvent
000000000003e328 0000000000000010 b g_appletIDebugFunctions
000000000003e338 0000000000000010 b g_appletIDisplayController
000000000003e348 0000000000000010 b g_appletIAudioController
000000000003e358 0000000000000010 b g_appletIWindowController
000000000003e368 0000000000000010 b g_appletISelfController
000000000003e378 0000000000000010 b g_appletICommonStateGetter
000000000003e388 0000000000000010 b g_appletILibraryAppletCreator
000000000003e398 0000000000000010 b g_appletIProcessWindingController
000000000003e3a8 0000000000000010 b g_appletILibraryAppletSelfAccessor
000000000003e3b8 0000000000000010 b g_appletIApplicationCreator
000000000003e3c8 0000000000000010 b g_appletIGlobalStateController
000000000003e3d8 0000000000000010 b g_appletIFunctions
000000000003e3e8 0000000000000010 b g_appletIAppletCommonFunctions
000000000003e3f8 0000000000000004 b g_appletExitProcessResult
000000000003e3fc 0000000000000001 b g_appletExitProcessFlag
000000000003e3fd 0000000000000001 b g_appletLeftInitialized
000000000003e400 0000000000000010 b g_appletProxySession
000000000003e410 0000000000000010 b g_appletSrv
000000000003e420 0000000000000004 V __nx_applet_exit_mode
000000000003e428 0000000000000008 V __nx_applet_PerformanceConfiguration
000000000003e430 0000000000000080 V __nx_applet_AppletAttribute
000000000003e4b0 0000000000000008 b g_smGuard
000000000003e4b8 0000000000000008 b g_smOverridesNum
000000000003e4c0 0000000000000180 b g_smOverrides
000000000003e640 0000000000000010 b g_smSrv
000000000003e650 0000000000000008 b g_userIdStorage
000000000003e660 0000000000000010 b g_randomSeed
000000000003e670 0000000000000001 b g_hasRandomSeed
000000000003e674 0000000000000004 b g_lastLoadResult
000000000003e678 0000000000000008 b g_nextLoadArgv
000000000003e680 0000000000000008 b g_nextLoadPath
000000000003e688 0000000000000004 b g_processHandle
000000000003e690 0000000000000018 b g_syscallHints
000000000003e6a8 0000000000000008 b g_overrideArgv
000000000003e6b0 0000000000000008 b g_overrideHeapSize
000000000003e6b8 0000000000000008 b g_overrideHeapAddr
000000000003e6c0 0000000000000008 b g_loaderRetAddr
000000000003e6c8 0000000000000004 b g_mainThreadHandle
000000000003e6d0 0000000000000008 b g_loaderInfoSize
000000000003e6d8 0000000000000008 b g_loaderInfo
000000000003e6e0 0000000000000001 b g_isNso
000000000003e6e4 0000000000000004 b g_hosVersion
000000000003e6e8 0000000000000001 b didFirstConsoleInit.0
000000000003e6f0 0000000000000050 b currentCopy
000000000003e740 B __stack_top
000000000003e748 0000000000000001 b g_IsLegacyKernel
000000000003e750 0000000000000008 b g_Reservations
000000000003e760 0000000000000010 b g_StackRegion
000000000003e770 0000000000000010 b g_AslrRegion
000000000003e780 0000000000000010 b g_HeapRegion
000000000003e790 0000000000000010 b g_AliasRegion
000000000003e7a0 0000000000000004 b g_VirtmemMutex
000000000003e7a8 0000000000000008 b g_apmGuard
000000000003e7b0 0000000000000010 b g_apmISession
000000000003e7c0 0000000000000010 b g_apmSrv
000000000003e7d0 0000000000000008 b g_hidGuard
000000000003e7d8 0000000000000008 b g_sevenSixAxisSensorBuffer
000000000003e7e0 0000000000000020 b g_hidSharedmem
000000000003e800 0000000000000010 b g_hidIActiveVibrationDeviceList
000000000003e810 0000000000000010 b g_hidIAppletResource
000000000003e820 0000000000000010 b g_hidSrv
000000000003e830 0000000000000080 b g_defaultWin
000000000003e8b0 0000000000000010 b g_viLayer
000000000003e8c0 0000000000000050 b g_viDisplay
000000000003e910 0000000000000008 b g_argv_empty
000000000003e918 0000000000000008 B __system_argv
000000000003e920 0000000000000004 B __system_argc
000000000003e930 0000000000000340 B __nx_exceptiondump
000000000003ec70 0000000000000004 V __nx_exception_ignoredebug
000000000003ec80 0000000000000400 V __nx_exception_stack
000000000003f080 0000000000000008 V __nx_heap_size
000000000003f088 0000000000000008 b __bootticks
000000000003f090 0000000000000008 b __boottime
000000000003f098 0000000000000004 V __nx_time_type
000000000003f0a0 0000000000000004 B __nxlink_host
000000000003f0a8 0000000000002800 b fsdev_fsdevices
00000000000418a8 0000000000000004 b fsdev_fsdevice_cwd
00000000000418ac 0000000000000001 b fsdev_initialised
00000000000418b0 0000000000000004 b g_randMutex
00000000000418b4 0000000000000001 b g_randInit
00000000000418c0 0000000000000040 b g_chacha
0000000000041900 0000000000000038 b g_mainThread
0000000000041938 0000000000000008 b g_threadList
0000000000041940 0000000000000004 b g_threadMutex
0000000000041948 0000000000000008 b g_fsGuard
0000000000041950 0000000000000054 b g_fsSessionMgr
00000000000419a8 0000000000000010 b g_fsSrv
00000000000419b8 0000000000000008 b g_nvGuard
00000000000419c0 0000000000000028 b g_nvTransfermem
00000000000419e8 0000000000000010 b g_nvSrvClone
00000000000419f8 0000000000000010 b g_nvSrv
0000000000041a08 0000000000000008 b g_setsysGuard
0000000000041a10 0000000000000010 b g_setsysSrv
0000000000041a20 0000000000000008 b g_timeGuard
0000000000041a28 0000000000000020 b g_timeSharedmem
0000000000041a48 0000000000000010 b g_timeLocalSystemClock
0000000000041a58 0000000000000010 b g_timeTimeZoneService
0000000000041a68 0000000000000010 b g_timeSteadyClock
0000000000041a78 0000000000000010 b g_timeNetworkSystemClock
0000000000041a88 0000000000000010 b g_timeUserSystemClock
0000000000041a98 0000000000000010 b g_timeSrv
0000000000041aa8 0000000000000004 V __nx_time_service_type
0000000000041ab0 0000000000000008 b g_viGuard
0000000000041ab8 0000000000000010 b g_viIHOSBinderDriverIndirect
0000000000041ac8 0000000000000010 b g_viIManagerDisplayService
0000000000041ad8 0000000000000010 b g_viISystemDisplayService
0000000000041ae8 0000000000000010 b g_viIHOSBinderDriverRelay
0000000000041af8 0000000000000010 b g_viIApplicationDisplayService
0000000000041b08 0000000000000010 b g_viRootService
0000000000041b18 0000000000000008 V __nx_vi_layer_id
0000000000041b20 0000000000000008 b g_nvFenceGuard
0000000000041b28 0000000000000300 b g_NvEvents
0000000000041e28 0000000000000008 b g_NvEventUsedMask
0000000000041e30 0000000000000008 b g_nvMapGuard
0000000000041e38 0000000000000008 B __stack_chk_guard
0000000000041e40 000000000000000c b __sfp_recursive_mutex
0000000000041e50 0000000000000228 B __sf
0000000000042078 0000000000000008 B __stdio_exit_handler
0000000000042080 0000000000000028 B __malloc_current_mallinfo
00000000000420a8 0000000000000008 B __malloc_max_total_mem
00000000000420b0 0000000000000008 B __malloc_max_sbrked_mem
00000000000420b8 0000000000000008 B __malloc_top_pad
00000000000420c0 000000000000000c b __malloc_recursive_mutex
00000000000420cc 0000000000000004 b alloced.0
00000000000420d0 000000000000000c b __env_recursive_mutex
00000000000420e0 0000000000000008 b initial_env
00000000000420f0 0000000000000400 b temp_cwd
00000000000424f0 0000000000000004 b __hndl_lock
00000000000424f8 0000000000000008 B fake_heap_start
0000000000042500 0000000000000008 B fake_heap_end
0000000000042508 0000000000000008 b heap_start.0
0000000000042510 b __tls_start
0000000000042920 b __bss_end__
0000000000042920 a __end__
0000000000042920 b __tls_end
0000000000043000 a __argdata__
