0000000000000000 a __start__
0000000000000000 T _start
0000000000000000 b _TLS_MODULE_BASE_
0000000000000000 0000000000000004 b g_fsPriority
0000000000000004 0000000000000004 b fsdev_last_result
0000000000000008 0000000000000401 B __nx_dev_path_buf
00000000000000e0 T __nx_exit
00000000000000f0 T __nx_mod0
0000000000000140 0000000000000034 T exit
0000000000000180 000000000000001c T __stack_chk_init
00000000000001a0 t __do_global_dtors_aux
0000000000000200 t frame_dummy
0000000000000224 0000000000000014 t main
0000000000000238 00000000000001c4 T $e3app4mainyyF
00000000000003fc 0000000000000818 t $eSS21_builtinStringLiteral17utf8CodeUnitCount7isASCIISSBp_BwBi1_tcfC
0000000000000c14 0000000000000014 t __appInit
0000000000000c28 0000000000000178 T $e3app02__A4InityyF
0000000000000da0 000000000000001c T $es6UInt32V3appE6failedSbvg
0000000000000dbc 0000000000000128 T $es6UInt32V3appE4make6module11descriptionABSi_SitFZ
0000000000000ee4 000000000000001c T $es6UInt32V3appE9succeededSbvg
0000000000000f00 0000000000000060 T $e3app14MAKEHOSVERSIONys6UInt32Vs5UInt8V_A2FtF
0000000000000f60 0000000000000014 t __appExit
0000000000000f74 0000000000000018 T $e3app02__A4ExityyF
0000000000000f8c 0000000000000218 t $eSS11utf8CStrings15ContiguousArrayVys4Int8VGvg
00000000000011a4 0000000000000014 T $eSaySayxGqd__c7ElementQyd__RszSTRd__lufCs4Int8V_s15ContiguousArrayVyAEGTt0g5
00000000000011b8 0000000000000010 T swift_retain
00000000000011c8 0000000000000010 T swift_release
00000000000011d8 0000000000000010 T swift_bridgeObjectRelease
00000000000011e8 0000000000000010 T swift_bridgeObjectRetain
00000000000011f8 0000000000000844 t $eSS16_slowUTF8CStrings15ContiguousArrayVys4Int8VGyF
0000000000001a3c 0000000000000030 T $eSS11utf8CStrings15ContiguousArrayVys4Int8VGvgAFSRyAEGXEfU_
0000000000001a6c 0000000000000170 t $es11_StringGutsV13withFastCCharyxxSRys4Int8VGKXEKlFxSRys5UInt8VGKXEfU_s15ContiguousArrayVyAEG_TG5
0000000000001bdc 00000000000000ac t $es12_SmallStringV8withUTF8yxxSRys5UInt8VGKXEKlFxSWKXEfU_s15ContiguousArrayVys4Int8VG_TG5
0000000000001c88 00000000000000b4 t $es13_StringObjectV10sharedUTF8SRys5UInt8VGvg
0000000000001d3c 000000000000006c t $es15ContiguousArrayV034_makeUniqueAndReserveCapacityIfNotD0yyFs4Int8V_Tg5
0000000000001da8 0000000000000074 t $es15ContiguousArrayV36_reserveCapacityAssumingUniqueBuffer8oldCountySi_tFs4Int8V_Tg5
0000000000001e1c 000000000000001c t $es15ContiguousArrayV37_appendElementAssumeUniqueAndCapacity_03newD0ySi_xntFs4Int8V_Tg5
0000000000001e38 000000000000000c t $es15ContiguousArrayV12_endMutationyyFs4Int8V_Tg5
0000000000001e44 000000000000002c t $es15ContiguousArrayVAByxGycfCs4Int8V_Ttg5
0000000000001e70 00000000000000e4 t $es15ContiguousArrayV15reserveCapacityyySiFs4Int8V_Tg5
0000000000001f54 0000000000000174 t $es11_StringGutsV27_slowEnsureMatchingEncodingySS5IndexVAEF
00000000000020c8 00000000000001a0 t $es31_embeddedReportFatalErrorInFile6prefix7message4file4lineys12StaticStringV_A2GSutF
0000000000002268 0000000000000424 t $eSS8UTF8ViewV17_foreignSubscript8positions5UInt8VSS5IndexV_tF
000000000000268c 0000000000000044 t $eSS8UTF8ViewV10_uncheckeds5UInt8VSS5IndexV_tcigAESRyAEGXEfU_
00000000000026d0 00000000000000ac t $es12_SmallStringV8withUTF8yxxSRys5UInt8VGKXEKlFxSWKXEfU_AE_TGq5
000000000000277c 0000000000000194 t $eSS8UTF8ViewV13_foreignIndex5afterSS0D0VAF_tF
0000000000002910 00000000000003f0 t $es32_copyCollectionToContiguousArrayys0dE0Vy7ElementQzGxSlRzlFSRys4Int8VG_Tg5
0000000000002d00 000000000000007c t $eSRys4Int8VGxs5Error_pIgyrzo_ACxsAD_pIegyrzr_lTRs15ContiguousArrayVyABG_TG5
0000000000002d7c 000000000000002c t $es13_StringObjectV18getSharedUTF8StartSPys5UInt8VGyF
0000000000002da8 0000000000000008 t $es15ContiguousArrayV9_getCountSiyFs4Int8V_Tg5
0000000000002db0 000000000000005c t $es15ContiguousArrayV16_createNewBuffer14bufferIsUnique15minimumCapacity13growForAppendySb_SiSbtFs4Int8V_Tg5
0000000000002e0c 00000000000001cc t $es22_ContiguousArrayBufferV20_consumeAndCreateNew14bufferIsUnique15minimumCapacity13growForAppendAByxGSb_SiSbtFs4Int8V_Tg5
0000000000002fd8 00000000000001d0 t $es22_ContiguousArrayBufferV13_copyContents8subRange12initializingSpyxGSnySiG_AFtFs4Int8V_Tg5
00000000000031a8 000000000000019c t $eSp14moveInitialize4from5countySpyxG_SitFs4Int8V_Tg5
0000000000003344 0000000000000004 T $es28__ContiguousArrayStorageBaseCABycfC
0000000000003348 T $es23_ContiguousArrayStorageC16_doNotCallMeBaseAByxGyt_tcfCs4Int8V_Tg5
0000000000003348 T $es23_ContiguousArrayStorageC16_doNotCallMeBaseAByxGyt_tcfCSS5IndexV_Tg5
0000000000003348 000000000000000c T $es23_ContiguousArrayStorageC16canStoreElements13ofDynamicTypeSbypXp_tFs4Int8V_Tg5
0000000000003354 000000000000000c T $es23_ContiguousArrayStorageC16canStoreElements13ofDynamicTypeSbypXp_tFSS5IndexV_Tg5
0000000000003360 0000000000000028 T $es23_ContiguousArrayStorageCfDs4Int8V_Tg5
0000000000003388 0000000000000028 T $es23_ContiguousArrayStorageCfDSS5IndexV_Tg5
00000000000033b0 T $es28__ContiguousArrayStorageBaseC012_doNotCallMeD0AByt_tcfC
00000000000033b0 T $es28__ContiguousArrayStorageBaseC16canStoreElements13ofDynamicTypeSbypXp_tF
00000000000033b0 0000000000000028 T $es28__ContiguousArrayStorageBaseCfD
00000000000033d8 000000000000002c T $es41__SwiftNativeNSArrayWithContiguousStorageCABycfC
0000000000003404 0000000000000028 T $es41__SwiftNativeNSArrayWithContiguousStorageCfD
000000000000342c 0000000000000258 t $es5print_10terminatorys12StaticStringV_ADtF
0000000000003684 00000000000001c0 t $eSzsE13writeToStdoutyyFSu_Tg5
0000000000003844 00000000000004c4 t $eSzsE13_toStringImplySiSpys5UInt8VG_SuSiSbtFSu_Tg5
0000000000003d08 000000000000014c t $eSw5start5countSwSvSg_SitcfC
0000000000003e54 00000000000001e8 t $eSw10copyMemory4fromySW_tF
000000000000403c 0000000000000028 t $es18_fatalErrorMessage__4file4line5flagss5NeverOs12StaticStringV_A2HSus6UInt32VtF
0000000000004064 000000000000011c t $eSv10copyMemory4from9byteCountySV_SitF
0000000000004180 0000000000000028 t $es17_assertionFailure__4file4line5flagss5NeverOs12StaticStringV_A2HSus6UInt32VtF
00000000000041a8 000000000000017c t $eSp10initialize4from5countySPyxG_SitFs4Int8V_Tg5
0000000000004324 0000000000000014 t $eSS8UTF8ViewV13_foreignIndex_8offsetBySS0D0VAF_SitF
0000000000004338 00000000000003fc t $eSS9UTF16ViewV5index_8offsetBySS5IndexVAF_SitF
0000000000004734 0000000000000254 t $es11_StringGutsV15scalarAlignSlowySS5IndexVAEF
0000000000004988 00000000000001a0 t $es11_StringGutsV27foreignErrorCorrectedScalar10startingAts7UnicodeO0F0V_Si12scalarLengthtSS5IndexV_tF
0000000000004b28 00000000000001d0 t $es16_ValidUTF8BufferV03_isA0ySbAB5IndexVF
0000000000004cf8 00000000000000d8 t $es11_StringGutsV15scalarAlignSlowySS5IndexVAEFSiSRys5UInt8VGXEfU_
0000000000004dd0 00000000000000ac t $es12_SmallStringV8withUTF8yxxSRys5UInt8VGKXEKlFxSWKXEfU_Si_TGq5
0000000000004e7c 0000000000000098 t $es12_scalarAlignySiSRys5UInt8VG_SitF
0000000000004f14 00000000000000d8 t $es11_StringGutsV18foreignScalarAlignySS5IndexVAEF
0000000000004fec 0000000000000060 t $es11_StringGutsV19_getForeignCodeUnit33_876ADFC1F0BAC893C8817BD9A4741513LL2ats6UInt16VSi_tF
000000000000504c 0000000000000184 t $es11_StringGutsV34foreignErrorCorrectedUTF16CodeUnit2ats6UInt16VSS5IndexV_tF
00000000000051d0 0000000000000014 t $eSTsSQ7ElementRpzrlE8containsySbABFSbABXEfU_SIys16_ValidUTF8BufferVG_TGq5
00000000000051e4 0000000000000724 t $eSKsE6_index_8offsetBy5IndexQzAD_SitFSS8UTF8ViewV_Tg5
0000000000005908 00000000000002dc t $eSS9UTF16ViewV16_nativeGetOffset3forSiSS5IndexV_tF
0000000000005be4 00000000000004b8 t $eSS9UTF16ViewV15_nativeGetIndex3forSS0E0VSi_tF
000000000000609c 00000000000010a8 t $eSKsE6_index_8offsetBy5IndexQzAD_SitFSS9UTF16ViewV_Tg5
0000000000007144 0000000000000104 t $eSS9UTF16ViewV13_foreignIndex_8offsetBySS0D0VAF_SitF
0000000000007248 0000000000000178 t $es11_StringGutsV24loadUnmanagedBreadcrumbss0D0Vys01_aE0CGyF
00000000000073c0 0000000000000260 t $es18_StringBreadcrumbsC13getBreadcrumb8forIndexSS0F0V10lowerBound_Si6offsettAF_tF
0000000000007620 00000000000002a8 t $eSS9UTF16ViewV14_utf16Distance4from2toSiSS5IndexV_AGtF
00000000000078c8 000000000000000c t $eSa29_hoistableIsNativeTypeCheckedSbyFSS5IndexV_Tg5
00000000000078d4 00000000000000b4 t $eSa15_checkSubscript_20wasNativeTypeCheckeds16_DependenceTokenVSi_SbtFSS5IndexV_Tg5
0000000000007988 000000000000000c t $eSa11_getElement_20wasNativeTypeChecked22matchingSubscriptCheckxSi_Sbs16_DependenceTokenVtFSS5IndexV_Tg5
0000000000007994 000000000000035c t $eSS9UTF16ViewV15_nativeGetIndex3forSS0E0VSi_tFAFSRys5UInt8VGXEfU1_
0000000000007cf0 00000000000000ac t $es12_SmallStringV8withUTF8yxxSRys5UInt8VGKXEKlFxSWKXEfU_SS5IndexV_TG5
0000000000007d9c 0000000000000044 t $es11_StringGutsV20fastUTF8ScalarLength10startingAtS2i_tFs5UInt8VSRyAFGXEfU_
0000000000007de0 000000000000001c t $eSS9UTF16ViewV13_foreignIndex5afterSS0D0VAF_tF
0000000000007dfc 0000000000000188 t $es11_StringGutsV20fastUTF8ScalarLength8endingAtS2i_tF
0000000000007f84 000000000000001c t $eSS9UTF16ViewV13_foreignIndex6beforeSS0D0VAF_tF
0000000000007fa0 00000000000001a0 t $es11_StringGutsV20fastUTF8ScalarLength8endingAtS2i_tFSiSRys5UInt8VGXEfU_
0000000000008140 00000000000000b0 t $es15__StringStorageC19_breadcrumbsAddress33_A317BBF16F3432B4D1DDED3E0452DA4DLLSpys01_A11BreadcrumbsCSgGvg
00000000000081f0 0000000000000664 t $es18_StringBreadcrumbsCyABSScfc
0000000000008854 000000000000003c T $es18_StringBreadcrumbsCfD
0000000000008890 000000000000010c t $eSa22_allocateUninitializedySayxG_SpyxGtSiFZSS5IndexV_Tt0g5
000000000000899c 0000000000000110 t $eSa15reserveCapacityyySiFSS5IndexV_Tg5
0000000000008aac 0000000000000094 t $eSa034_makeUniqueAndReserveCapacityIfNotB0yyFSS5IndexV_Tg5
0000000000008b40 0000000000000098 t $eSa36_reserveCapacityAssumingUniqueBuffer8oldCountySi_tFSS5IndexV_Tg5
0000000000008bd8 000000000000001c t $eSa37_appendElementAssumeUniqueAndCapacity_03newB0ySi_xntFSS5IndexV_Tg5
0000000000008bf4 000000000000000c t $eSa12_endMutationyyFSS5IndexV_Tg5
0000000000008c00 00000000000001b8 t $es11_StringGutsV20fastUTF8ScalarLength10startingAtS2i_tF
0000000000008db8 00000000000000a8 t $eSa28_allocateBufferUninitialized15minimumCapacitys016_ContiguousArrayB0VyxGSi_tFZSS5IndexV_Tt0g5
0000000000008e60 00000000000001cc t $es22_ContiguousArrayBufferV20_consumeAndCreateNew14bufferIsUnique15minimumCapacity13growForAppendAByxGSb_SiSbtFSS5IndexV_Tg5
000000000000902c 0000000000000014 t $eSa5countSivgSS5IndexV_Tg5
0000000000009040 00000000000001d0 t $es22_ContiguousArrayBufferV13_copyContents8subRange12initializingSpyxGSnySiG_AFtFSS5IndexV_Tg5
0000000000009210 000000000000019c t $eSp14moveInitialize4from5countySpyxG_SitFSS5IndexV_Tg5
00000000000093ac 0000000000000008 t $eSa9_getCountSiyFSS5IndexV_Tg5
00000000000093b4 00000000000003f4 T $eSS9UTF16ViewV14_utf16Distance4from2toSiSS5IndexV_AGtFSiSRys5UInt8VGXEfU_
00000000000097a8 0000000000000168 t $es11_StringGutsV12withFastUTF85range_xSnySiG_xSRys5UInt8VGKXEtKlFxAHKXEfU_Si_TG5
0000000000009910 00000000000000ac t $es12_SmallStringV8withUTF8yxxSRys5UInt8VGKXEKlFxSWKXEfU_Si_TG5
00000000000099bc 00000000000001e4 t $eSR8rebasingSRyxGs5SliceVyABG_tcfCs5UInt8V_Tt0g5
0000000000009ba0 00000000000001a0 t $eSS8UTF8ViewV13_foreignIndex6beforeSS0D0VAF_tF
0000000000009d40 0000000000000164 t $es11_StringGutsV27foreignErrorCorrectedScalar8endingAts7UnicodeO0F0V_Si12scalarLengthtSS5IndexV_tF
0000000000009ea4 0000000000000014 T swift_allocObject
0000000000009eb8 0000000000000014 t $es17swift_allocObject8metadata12requiredSize0E13AlignmentMaskBpBp_S2itF
0000000000009ecc 0000000000000170 t $es17swift_allocObject8metadata12requiredSize0E13AlignmentMaskSpys04HeapC0VGSpys13ClassMetadataVG_S2itF
000000000000a03c 0000000000000014 T swift_initStackObject
000000000000a050 0000000000000038 t $es21swift_initStackObject8metadata6objectBpBp_BptF
000000000000a088 0000000000000014 T swift_initStaticObject
000000000000a09c 0000000000000038 t $es22swift_initStaticObject8metadata6objectBpBp_BptF
000000000000a0d4 0000000000000014 T swift_deallocObject
000000000000a0e8 0000000000000014 t $es19swift_deallocObject6object13allocatedSize0E9AlignMaskyBp_S2itF
000000000000a0fc 0000000000000038 t $es26swift_deallocClassInstance6object13allocatedSize0F9AlignMaskyBp_S2itF
000000000000a134 0000000000000014 T swift_deallocPartialClassInstance
000000000000a148 0000000000000084 t $es33swift_deallocPartialClassInstance6object8metadata13allocatedSize0H9AlignMaskyBp_BpS2itF
000000000000a1cc 0000000000000014 T swift_slowAlloc
000000000000a1e0 00000000000000d0 t $es15swift_slowAllocySvSgSi_SitF
000000000000a2b0 0000000000000014 T swift_slowDealloc
000000000000a2c4 0000000000000014 t $es17swift_slowDeallocyySv_S2itF
000000000000a2d8 0000000000000004 T swift_willThrow
000000000000a2dc 0000000000000004 T swift_errorInMain
000000000000a2e0 0000000000000004 T swift_unexpectedError
000000000000a2e4 00000000000000a4 t $es12swift_retain6objectBpBp_tF
000000000000a388 000000000000019c t $es13swift_release6objectyBp_tF
000000000000a524 0000000000000014 T swift_retain_n
000000000000a538 00000000000000ac t $es14swift_retain_n6object1nBpBp_s6UInt32VtF
000000000000a5e4 0000000000000014 T swift_release_n
000000000000a5f8 00000000000001b4 t $es15swift_release_n6object1nyBp_s6UInt32VtF
000000000000a7ac 0000000000000014 T swift_setDeallocating
000000000000a7c0 0000000000000004 t $es21swift_setDeallocating6objectyBp_tF
000000000000a7c4 0000000000000014 T swift_bridgeObjectRetain_n
000000000000a7d8 00000000000000b8 t $es26swift_bridgeObjectRetain_n6object1nBpBp_s6UInt32VtF
000000000000a890 0000000000000014 T swift_bridgeObjectRelease_n
000000000000a8a4 0000000000000020 t $es27swift_bridgeObjectRelease_n6object1nyBp_s6UInt32VtF
000000000000a8c4 00000000000000b0 t $es24swift_bridgeObjectRetain6objectBpBp_tF
000000000000a974 0000000000000024 t $es25swift_bridgeObjectRelease6objectyBp_tF
000000000000a998 0000000000000018 T swift_isUniquelyReferenced_native
000000000000a9b0 000000000000005c t $es33swift_isUniquelyReferenced_native6objectSbBp_tF
000000000000aa0c 0000000000000018 T swift_isUniquelyReferenced_nonNull_native
000000000000aa24 0000000000000014 t $es41swift_isUniquelyReferenced_nonNull_native6objectSbBp_tF
000000000000aa38 0000000000000018 T swift_isEscapingClosureAtFileLocation
000000000000aa50 00000000000000cc t $es37swift_isEscapingClosureAtFileLocation6object8filename0I6Length4line6column16verificationTypeSbBp_SPys4Int8VGs5Int32VA2Ls6UInt32VtF
000000000000ab1c 0000000000000014 T swift_dynamicCastClass
000000000000ab30 000000000000008c t $es22swift_dynamicCastClass6object14targetMetadataSvSgSv_SVtF
000000000000abbc 0000000000000014 T swift_dynamicCastClassUnconditional
000000000000abd0 00000000000000dc t $es35swift_dynamicCastClassUnconditional6object14targetMetadata4file4line6columnS2v_SVSPys4Int8VGs6UInt32VAKtF
000000000000acac 0000000000000014 T swift_once
000000000000acc0 0000000000000098 t $es10swift_once9predicate2fn7contextySpySiG_ySvXCSvtF
000000000000ad58 00000000000000c0 t $es10swift_once9predicate2fn7contextySpySiG_ySvXCSvtFSiAEcfU_
000000000000ae18 0000000000000014 T swift_beginAccess
000000000000ae2c 0000000000000004 t $es17swift_beginAccess7pointer6buffer5flags2pcySv_SvSuSvtF
000000000000ae30 0000000000000014 T swift_endAccess
000000000000ae44 0000000000000004 t $es15swift_endAccess6bufferySv_tF
000000000000ae48 000000000000000c T swift_deletedMethodError
000000000000ae54 0000000000000004 t $es24swift_deletedMethodErrors5NeverOyF
000000000000ae58 0000000000000014 T swift_clearSensitive
000000000000ae6c 00000000000001d4 t $es20swift_clearSensitive3buf6nbytesySv_SitF
000000000000b040 0000000000000014 T swift_retainCount
000000000000b054 0000000000000058 t $es17swift_retainCount6objectSiBp_tF
000000000000b0ac 000000000000003c T $es15ContiguousArrayV07_copyToaB0AByxGyFs4Int8V_Tg5
000000000000b0e8 0000000000000010 T swift_deallocClassInstance
000000000000b0f8 0000000000000020 t _swift_embedded_set_heap_object_metadata_pointer
000000000000b118 0000000000000018 t _swift_embedded_get_heap_object_metadata_pointer
000000000000b130 0000000000000058 t _swift_embedded_invoke_heap_object_optional_ivardestroyer
000000000000b188 000000000000004c t _swift_embedded_invoke_heap_object_destroy
000000000000b1d4 000000000000019c T $es15ContiguousArrayV13_copyContents12initializings16IndexingIteratorVyAByxGG_SitSryxG_tFs4Int8V_Tg5
000000000000b370 0000000000000370 T $es32_copyCollectionToContiguousArrayys0dE0Vy7ElementQzGxSlRzlFACys4Int8VG_Tg5
000000000000b6e0 000000000000003c T $es3maxyxx_xtSLRzlFSi_Tg5
000000000000b71c 000000000000000c t $es23_swiftEmptyArrayStorageSi_S3itvau
000000000000b728 0000000000000014 T $es15ContiguousArrayV5countSivgs4Int8V_Tg5
000000000000b73c 0000000000000034 t $es15ContiguousArrayVys4Int8VGWOc
000000000000b770 0000000000000038 T $es15ContiguousArrayV9formIndex5afterySiz_tFs4Int8V_Tg5
000000000000b7a8 0000000000000028 t $es16IndexingIteratorVys15ContiguousArrayVys4Int8VGGWOh
000000000000b7d0 0000000000000028 t $es11_StringGutsV13withFastCCharyxxSRys4Int8VGKXEKlFxSRys5UInt8VGKXEfU_s15ContiguousArrayVyAEG_TG5TA
000000000000b7f8 0000000000000030 t $es12_SmallStringV8withUTF8yxxSRys5UInt8VGKXEKlFxSWKXEfU_s15ContiguousArrayVys4Int8VG_TG5TA
000000000000b828 000000000000002c t $eSRys4Int8VGxs5Error_pIgyrzo_ACxsAD_pIegyrzr_lTRs15ContiguousArrayVyABG_TG5TA
000000000000b854 0000000000000024 t $eSS8UTF8ViewV10_uncheckeds5UInt8VSS5IndexV_tcigAESRyAEGXEfU_TA
000000000000b878 0000000000000030 t $es12_SmallStringV8withUTF8yxxSRys5UInt8VGKXEKlFxSWKXEfU_AE_TGq5TA
000000000000b8a8 0000000000000024 t $es11_StringGutsV15scalarAlignSlowySS5IndexVAEFSiSRys5UInt8VGXEfU_TA
000000000000b8cc 0000000000000030 t $es12_SmallStringV8withUTF8yxxSRys5UInt8VGKXEKlFxSWKXEfU_Si_TGq5TA
000000000000b8fc 0000000000000024 t $es11_StringGutsV20fastUTF8ScalarLength10startingAtS2i_tFs5UInt8VSRyAFGXEfU_TA
000000000000b920 0000000000000030 t $es12_SmallStringV8withUTF8yxxSRys5UInt8VGKXEKlFxSWKXEfU_AE_TGq5TA.1
000000000000b950 0000000000000024 t $es11_StringGutsV20fastUTF8ScalarLength8endingAtS2i_tFSiSRys5UInt8VGXEfU_TA
000000000000b974 0000000000000030 t $es12_SmallStringV8withUTF8yxxSRys5UInt8VGKXEKlFxSWKXEfU_Si_TGq5TA.2
000000000000b9a4 0000000000000028 t $eSS9UTF16ViewV15_nativeGetIndex3forSS0E0VSi_tFAFSRys5UInt8VGXEfU1_TA
000000000000b9cc 0000000000000030 t $es12_SmallStringV8withUTF8yxxSRys5UInt8VGKXEKlFxSWKXEfU_SS5IndexV_TG5TA
000000000000b9fc 0000000000000024 t $es11_StringGutsV20fastUTF8ScalarLength10startingAtS2i_tFs5UInt8VSRyAFGXEfU_TA.3
000000000000ba20 0000000000000030 t $es12_SmallStringV8withUTF8yxxSRys5UInt8VGKXEKlFxSWKXEfU_AE_TGq5TA.4
000000000000ba50 0000000000000030 t $es11_StringGutsV12withFastUTF85range_xSnySiG_xSRys5UInt8VGKXEtKlFxAHKXEfU_Si_TG5TA
000000000000ba80 0000000000000030 t $es12_SmallStringV8withUTF8yxxSRys5UInt8VGKXEKlFxSWKXEfU_Si_TG5TA
000000000000bab0 0000000000000028 t $eSTsSQ7ElementRpzrlE8containsySbABFSbABXEfU_SIys16_ValidUTF8BufferVG_TGq5TA
000000000000bad8 0000000000000028 t $eSaySS5IndexVGWOh
000000000000bb00 0000000000000098 T posix_memalign
000000000000bba0 00000000000000b4 t _fsCleanup
000000000000bc60 00000000000001ac t _fsCmdNoIO
000000000000be10 00000000000001d4 t _fsFsCmdWithInPath
000000000000bff0 00000000000001f0 t _fsFsCmdWithTwoInPaths
000000000000c1e0 000000000000026c t _fsFsOpenCommon
000000000000c450 00000000000001e8 t _fsFsCmdWithInPathAndOutU64
000000000000c640 00000000000000f4 t _fsObjectClose
000000000000c740 000000000000017c t _fsCmdGetSession.constprop.0
000000000000c8c0 00000000000002f8 T fsInitialize
000000000000cbc0 0000000000000044 T fsExit
000000000000cc10 0000000000000008 T fsOpenSdCardFileSystem
000000000000cc20 00000000000001e4 T fsFsCreateFile
000000000000ce10 0000000000000008 T fsFsDeleteFile
000000000000ce20 0000000000000008 T fsFsCreateDirectory
000000000000ce30 0000000000000008 T fsFsDeleteDirectory
000000000000ce40 0000000000000008 T fsFsRenameFile
000000000000ce50 0000000000000008 T fsFsRenameDirectory
000000000000ce60 00000000000001e8 T fsFsGetEntryType
000000000000d050 0000000000000008 T fsFsOpenFile
000000000000d060 0000000000000008 T fsFsOpenDirectory
000000000000d070 0000000000000008 T fsFsGetFreeSpace
000000000000d080 0000000000000008 T fsFsGetTotalSpace
000000000000d090 0000000000000228 T fsFsGetFileTimeStampRaw
000000000000d2c0 0000000000000004 T fsFsClose
000000000000d2d0 0000000000000210 T fsFileRead
000000000000d4e0 00000000000001f8 T fsFileWrite
000000000000d6e0 0000000000000008 T fsFileFlush
000000000000d6f0 00000000000001b8 T fsFileSetSize
000000000000d6f0 00000000000001b8 t fsFileSetSize.localalias
000000000000d8b0 00000000000001c0 T fsFileGetSize
000000000000d8b0 00000000000001c0 t fsFileGetSize.localalias
000000000000da70 0000000000000004 T fsFileClose
000000000000da80 0000000000000004 T fsDirClose
000000000000da90 00000000000001f8 T fsDirRead
000000000000dc90 00000000000000d4 t _setsysGetFirmwareVersionImpl
000000000000dd70 0000000000000068 t _setsysCleanup
000000000000dde0 00000000000000a0 T setsysInitialize
000000000000de80 0000000000000044 T setsysExit
000000000000ded0 0000000000000044 T setsysGetFirmwareVersion
000000000000df20 00000000000000d0 t _smCmifCmdInPid
000000000000dff0 0000000000000068 t _smCleanup
000000000000e060 0000000000000048 T smAddOverrideHandle
000000000000e0b0 0000000000000054 T smGetServiceOverride
000000000000e110 00000000000001bc T smInitialize
000000000000e2d0 0000000000000044 T smExit
000000000000e320 00000000000000d0 T smGetServiceOriginal
000000000000e3f0 0000000000000120 T smGetServiceWrapper
000000000000e510 000000000000001c W diagAbortWithResult
000000000000e530 0000000000000014 T hosversionGet
000000000000e550 0000000000000010 T hosversionSet
000000000000e560 0000000000000014 t fsdev_link
000000000000e580 0000000000000014 t fsdev_dirreset
000000000000e5a0 0000000000000014 t fsdev_chmod
000000000000e5c0 0000000000000018 t error_cmp
000000000000e5e0 0000000000000020 t fsdev_dirclose
000000000000e600 000000000000001c t fsdev_close
000000000000e620 000000000000007c t fsdev_converttimetoutc
000000000000e6a0 00000000000000dc t fsdevFindDevice.part.0
000000000000e780 00000000000001d4 t fsdev_fixpath
000000000000e960 00000000000000a0 t _fsdevUnmountDeviceStruct.part.0
000000000000ea00 0000000000000014 t fsdev_fchmod
000000000000ea20 00000000000000fc t fsdev_diropen
000000000000eb20 0000000000000100 t fsdev_statvfs
000000000000ec20 000000000000007c t fsdev_fsync
000000000000eca0 00000000000000f4 t fsdev_fstat
000000000000eda0 0000000000000094 t fsdev_ftruncate
000000000000ee40 00000000000001fc t fsdev_stat
000000000000f040 000000000000014c t fsdev_rename
000000000000f190 0000000000000140 t fsdev_chdir
000000000000f2d0 00000000000000a4 t fsdev_rmdir
000000000000f380 00000000000000a4 t fsdev_mkdir
000000000000f430 00000000000000a4 t fsdev_unlink
000000000000f4e0 0000000000000144 t fsdev_write_safe
000000000000f630 000000000000013c t fsdev_read_safe
000000000000f770 0000000000000100 t fsdev_read
000000000000f870 00000000000001cc t fsdev_dirnext
000000000000fa40 0000000000000124 t fsdev_write
000000000000fb70 00000000000000e0 t fsdev_seek
000000000000fc50 0000000000000250 t fsdev_open
000000000000fea0 0000000000000228 T fsdevMountDevice
00000000000100d0 0000000000000040 T fsdevMountSdmc
0000000000010110 0000000000000064 T fsdevUnmountAll
0000000000010180 000000000000012c T decode_utf8
00000000000102ac T svcSetHeapSize
00000000000102c0 T svcSetMemoryPermission
00000000000102c8 T svcSetMemoryAttribute
00000000000102d0 T svcUnmapMemory
00000000000102d8 T svcQueryMemory
00000000000102ec T svcExitProcess
00000000000102f4 T svcSleepThread
00000000000102fc T svcCloseHandle
0000000000010304 T svcArbitrateLock
000000000001030c T svcArbitrateUnlock
0000000000010314 T svcWaitProcessWideKeyAtomic
000000000001031c T svcSignalProcessWideKey
0000000000010324 T svcConnectToNamedPort
0000000000010338 T svcSendSyncRequest
0000000000010340 T svcBreak
0000000000010348 T svcReturnFromException
0000000000010350 T svcGetInfo
0000000000010364 T __aarch64_read_tp
0000000000010370 0000000000000080 T mutexLock
00000000000103f0 0000000000000068 T mutexUnlock
0000000000010460 000000000000004c T rmutexLock
00000000000104b0 000000000000001c T rmutexUnlock
00000000000104d0 0000000000000178 T sessionmgrCreate
0000000000010650 0000000000000084 T sessionmgrClose
00000000000106e0 00000000000000b4 T sessionmgrAttachClient
00000000000107a0 0000000000000070 T sessionmgrDetachClient
0000000000010810 0000000000000104 T timeToPosixTimeWithMyRule
0000000000010920 0000000000000004 W __libnx_alloc
0000000000010930 0000000000000004 W __libnx_free
0000000000010940 0000000000000340 W argvSetup
0000000000010c80 0000000000000168 T __nx_dynamic
0000000000010df0 0000000000000208 T envSetup
0000000000011000 0000000000000020 T envGetMainThreadHandle
0000000000011020 000000000000000c T envIsNso
0000000000011030 0000000000000014 T envHasHeapOverride
0000000000011050 000000000000000c T envGetHeapOverrideAddr
0000000000011060 000000000000000c T envGetHeapOverrideSize
0000000000011070 0000000000000014 T envHasArgv
0000000000011090 000000000000000c T envGetArgv
00000000000110a0 000000000000000c T envGetExitFuncPtr
00000000000110b0 00000000000000d4 W __libnx_initheap
0000000000011190 000000000000002c W __libnx_init
00000000000111c0 000000000000001c W __libnx_exit
00000000000111e0 000000000000001c T __syscall_exit
0000000000011200 0000000000000030 T __syscall_getreent
0000000000011230 0000000000000004 T __syscall_lock_acquire
0000000000011240 0000000000000004 T __syscall_lock_release
0000000000011250 0000000000000004 T __syscall_lock_acquire_recursive
0000000000011260 0000000000000004 T __syscall_lock_release_recursive
0000000000011270 000000000000009c T newlibSetup
0000000000011310 00000000000000c4 T nxlinkSetup
00000000000113d4 W __libnx_exception_entry
0000000000011460 t __libnx_exception_entry_start
0000000000011588 t __libnx_exception_entry_abort
000000000001158c t __libnx_exception_entry_end
0000000000011594 T __libnx_exception_returnentry
00000000000115b0 0000000000000064 T condvarWaitTimeout
0000000000011620 00000000000000b0 T __libnx_init_thread
00000000000116d0 0000000000000064 t _memregionInitWithInfo
0000000000011740 0000000000000140 T virtmemSetup
0000000000011880 00000000000000b4 T _fputs_r
0000000000011940 000000000000002c T fputs
0000000000011980 0000000000000494 T __sfvwrite_r
0000000000011e20 0000000000000050 T __stack_chk_fail
0000000000011e80 0000000000000028 T putchar
0000000000011ec0 00000000000001a4 t _strtoul_l.isra.0
0000000000012080 0000000000000048 T strtoul
0000000000012100 0000000000000130 T strlen
0000000000012240 000000000000003c T write
0000000000012280 0000000000000080 T strncat
0000000000012300 00000000000000b8 T bsearch
00000000000123c0 00000000000000dc T memchr
00000000000124a0 0000000000000134 T _fclose_r
00000000000125e0 0000000000000024 T fclose
0000000000012640 00000000000001b4 T strncmp
0000000000012800 0000000000000134 T strcmp
0000000000012940 00000000000000b8 T strnlen
0000000000012a00 000000000000002c T memalign
0000000000012a40 000000000000001c t stdio_exit_handler
0000000000012a60 000000000000006c t cleanup_stdio
0000000000012ae0 0000000000000134 t global_stdio_init.part.0
0000000000012c20 000000000000000c T __sfp_lock_acquire
0000000000012c40 000000000000000c T __sfp_lock_release
0000000000012c60 000000000000012c T __sfp
0000000000012da0 0000000000000054 T __sinit
0000000000012e00 00000000000007e8 T _malloc_r
0000000000013600 00000000000000e0 T _putc_r
0000000000013700 000000000000022c T memcpy
0000000000013700 T memmove
0000000000013940 0000000000000124 T _malloc_trim_r
0000000000013a80 00000000000002d4 T _free_r
0000000000013d60 0000000000000014 T __errno
0000000000013d80 0000000000000044 T malloc
0000000000013de0 0000000000000024 T free
0000000000013e20 0000000000000124 T _fopen_r
0000000000013f60 000000000000002c T fopen
0000000000013fa0 000000000000002c T gmtime
0000000000013fe0 000000000000053c T _realloc_r
0000000000014520 0000000000000098 T _fwalk_sglue
00000000000145c0 000000000000000c T __malloc_lock
00000000000145e0 000000000000000c T __malloc_unlock
0000000000014600 0000000000000104 T memset
0000000000014720 0000000000000004 W __call_exitprocs
0000000000014740 0000000000000004 T _fseek_r
0000000000014760 000000000000008c T strncpy
0000000000014800 00000000000000bc T __sflags
00000000000148c0 0000000000000090 T __libc_init_array
0000000000014960 0000000000000180 T __swsetup_r
0000000000014ae0 00000000000001e8 T __sflush_r
0000000000014ce0 00000000000000b8 T _fflush_r
0000000000014da0 00000000000000a4 T _raise_r
0000000000014e60 0000000000000024 T raise
0000000000014ea0 00000000000002a0 T gmtime_r
0000000000015140 000000000000017c T _memalign_r
00000000000152c0 0000000000000118 T __swbuf_r
00000000000153e0 0000000000000044 T __libc_fini_array
0000000000015440 00000000000004b0 T _fseeko_r
0000000000015900 00000000000000cc T strchr
00000000000159e0 000000000000004c T __sread
0000000000015a40 0000000000000068 T __swrite
0000000000015ac0 0000000000000050 T __sseek
0000000000015b20 0000000000000008 T __sclose
0000000000015b40 0000000000000038 t lflush
0000000000015b80 00000000000001b0 T __srefill_r
0000000000015d40 0000000000000094 T __swhatbuf_r
0000000000015de0 00000000000000fc T __smakebuf_r
0000000000015ee0 0000000000000020 T _exit
0000000000015f00 0000000000000094 T _fstat_r
0000000000015fa0 0000000000000014 T _getpid_r
0000000000015fc0 0000000000000020 T __getreent
0000000000015fe0 0000000000000094 T __release_handle
0000000000016080 00000000000000c8 T __alloc_handle
0000000000016160 0000000000000050 T __get_handle
00000000000161c0 0000000000000108 T _close_r
00000000000162e0 0000000000000008 t null_write
0000000000016300 0000000000000018 T setDefaultDevice
0000000000016320 0000000000000114 T FindDevice
0000000000016440 0000000000000034 T RemoveDevice
0000000000016480 00000000000000c8 T AddDevice
0000000000016560 0000000000000034 T GetDeviceOpTab
00000000000165a0 0000000000000008 T _isatty_r
00000000000165c0 0000000000000014 T _kill_r
00000000000165e0 00000000000000a4 T _lseek_r
00000000000166a0 00000000000000e0 T _open_r
0000000000016780 00000000000000ac T _read_r
0000000000016840 0000000000000078 W _sbrk_r
00000000000168c0 0000000000000014 T __libc_lock_acquire
00000000000168e0 0000000000000014 T __libc_lock_release
0000000000016900 0000000000000014 T __libc_lock_acquire_recursive
0000000000016920 0000000000000014 T __libc_lock_release_recursive
0000000000016940 00000000000000ac T _write_r
00000000000169f0 T _init
0000000000016a28 T _fini
0000000000019410 0000000000000004 R $e3app20__nx_fs_num_sessionss6UInt32Vvp
0000000000019d48 0000000000000020 r error_table
0000000000019d90 0000000000000101 R _ctype_
0000000000019e98 r __tls_align
0000000000019ea0 r __EH_FRAME_BEGIN__
0000000000019ea0 r __eh_frame_hdr_end
0000000000019ea0 r __eh_frame_hdr_start
000000000001c538 r __FRAME_END__
000000000001d000 d __frame_dummy_init_array_entry
000000000001d000 d __init_array_start
000000000001d000 d __preinit_array_end
000000000001d000 d __preinit_array_start
000000000001d000 d __relro_start
000000000001d010 d __do_global_dtors_aux_fini_array_entry
000000000001d010 d __fini_array_start
000000000001d010 d __init_array_end
000000000001d018 d __fini_array_end
000000000001d018 0000000000000100 d fsdev_devoptab
000000000001d118 0000000000000100 D dotab_stdnull
000000000001d218 a _DYNAMIC
000000000001d338 d __got_start__
000000000001d338 a _GLOBAL_OFFSET_TABLE_
000000000001d510 d __got_end__
000000000001e000 d __data_start
000000000001e000 0000000000000020 D $es23_swiftEmptyArrayStorageSi_S3itvp
000000000001e020 0000000000000020 D $es18_StringBreadcrumbsCN
000000000001e040 0000000000000030 D $es23_ContiguousArrayStorageCySS5IndexVGN
000000000001e070 0000000000000030 D $es23_ContiguousArrayStorageCys4Int8VGN
000000000001e0a0 0000000000000030 D $es28__ContiguousArrayStorageBaseCN
000000000001e0d0 0000000000000020 D $es41__SwiftNativeNSArrayWithContiguousStorageCN
000000000001e0f0 0000000000000004 V __nx_fs_num_sessions
000000000001e0f4 0000000000000001 V __nx_fsdev_support_cwd
000000000001e0f8 0000000000000004 V __nx_fsdev_direntry_cache_size
000000000001e100 0000000000000008 V __nx_exception_stack_size
000000000001e108 0000000000000004 V __nx_applet_type
000000000001e110 0000000000000008 D _impure_ptr
000000000001e118 0000000000000160 D _impure_data
000000000001e278 0000000000000018 D __sglue
000000000001e290 0000000000000008 D __malloc_sbrk_base
000000000001e298 0000000000000008 D __malloc_trim_threshold
000000000001e2a0 0000000000000810 D __malloc_av_
000000000001eab0 0000000000002000 d handles
0000000000020ab0 0000000000000010 d __stderr_handle
0000000000020ac0 0000000000000010 d __stdout_handle
0000000000020ad0 0000000000000010 d __stdin_handle
0000000000020ae0 0000000000000118 D devoptab_list
0000000000020bf8 0000000000000004 d defaultDevice
0000000000020c00 b __bss_start__
0000000000020c00 d __tdata_lma
0000000000020c00 d __tdata_lma_end
0000000000020c00 b completed.1
0000000000020c08 b object.0
0000000000020c38 0000000000000004 B $e3app16__nx_applet_types6UInt32Vvp
0000000000020c40 0000000000000008 b g_fsGuard
0000000000020c50 0000000000000054 b g_fsSessionMgr
0000000000020ca8 0000000000000010 b g_fsSrv
0000000000020cb8 0000000000000008 b g_setsysGuard
0000000000020cc0 0000000000000010 b g_setsysSrv
0000000000020cd0 0000000000000008 b g_smGuard
0000000000020cd8 0000000000000008 b g_smOverridesNum
0000000000020ce0 0000000000000180 b g_smOverrides
0000000000020e60 0000000000000010 b g_smSrv
0000000000020e70 0000000000000004 b g_hosVersion
0000000000020e78 0000000000002800 b fsdev_fsdevices
0000000000023678 0000000000000004 b fsdev_fsdevice_cwd
000000000002367c 0000000000000001 b fsdev_initialised
0000000000023680 B __stack_top
0000000000023688 0000000000000010 b g_timeTimeZoneService
0000000000023698 0000000000000008 b g_argv_empty
00000000000236a0 0000000000000008 B __system_argv
00000000000236a8 0000000000000004 B __system_argc
00000000000236b0 0000000000000008 b g_userIdStorage
00000000000236c0 0000000000000010 b g_randomSeed
00000000000236d0 0000000000000001 b g_hasRandomSeed
00000000000236d4 0000000000000004 b g_lastLoadResult
00000000000236d8 0000000000000008 b g_nextLoadArgv
00000000000236e0 0000000000000008 b g_nextLoadPath
00000000000236e8 0000000000000004 b g_processHandle
00000000000236f0 0000000000000018 b g_syscallHints
0000000000023708 0000000000000008 b g_overrideArgv
0000000000023710 0000000000000008 b g_overrideHeapSize
0000000000023718 0000000000000008 b g_overrideHeapAddr
0000000000023720 0000000000000008 b g_loaderRetAddr
0000000000023728 0000000000000004 b g_mainThreadHandle
0000000000023730 0000000000000008 b g_loaderInfoSize
0000000000023738 0000000000000008 b g_loaderInfo
0000000000023740 0000000000000001 b g_isNso
0000000000023750 0000000000000340 B __nx_exceptiondump
0000000000023a90 0000000000000004 V __nx_exception_ignoredebug
0000000000023aa0 0000000000000400 V __nx_exception_stack
0000000000023ea0 0000000000000008 V __nx_heap_size
0000000000023ea8 0000000000000004 B __nxlink_host
0000000000023eb0 0000000000000038 b g_mainThread
0000000000023ee8 0000000000000008 b g_threadList
0000000000023ef0 0000000000000004 b g_threadMutex
0000000000023ef4 0000000000000001 b g_IsLegacyKernel
0000000000023f00 0000000000000010 b g_StackRegion
0000000000023f10 0000000000000010 b g_AslrRegion
0000000000023f20 0000000000000010 b g_HeapRegion
0000000000023f30 0000000000000010 b g_AliasRegion
0000000000023f40 0000000000000008 B __stack_chk_guard
0000000000023f48 000000000000000c b __sfp_recursive_mutex
0000000000023f58 0000000000000228 B __sf
0000000000024180 0000000000000008 B __stdio_exit_handler
0000000000024188 0000000000000028 B __malloc_current_mallinfo
00000000000241b0 0000000000000008 B __malloc_max_total_mem
00000000000241b8 0000000000000008 B __malloc_max_sbrked_mem
00000000000241c0 0000000000000008 B __malloc_top_pad
00000000000241c8 000000000000000c b __malloc_recursive_mutex
00000000000241d4 0000000000000004 b __hndl_lock
00000000000241d8 0000000000000008 B fake_heap_start
00000000000241e0 0000000000000008 B fake_heap_end
00000000000241e8 0000000000000008 b heap_start.0
00000000000241f0 b __tls_start
0000000000024600 b __bss_end__
0000000000024600 a __end__
0000000000024600 b __tls_end
0000000000025000 a __argdata__
